Analysis & Synthesis report for Project1_top
Wed Feb 28 18:19:21 2018
Quartus Prime Version 16.1.0 Build 196 10/24/2016 SJ Lite Edition


---------------------
; Table of Contents ;
---------------------
  1. Legal Notice
  2. Analysis & Synthesis Summary
  3. Analysis & Synthesis Settings
  4. Parallel Compilation
  5. Analysis & Synthesis Source Files Read
  6. Analysis & Synthesis Resource Usage Summary
  7. Analysis & Synthesis Resource Utilization by Entity
  8. General Register Statistics
  9. Parameter Settings for User Entity Instance: Add:testAdd
 10. Port Connectivity Checks: "Add:testAdd|fullAdder:digit[0].dig"
 11. Port Connectivity Checks: "Add:testAdd"
 12. Post-Synthesis Netlist Statistics for Top Partition
 13. Elapsed Time Per Partition
 14. Analysis & Synthesis Messages



----------------
; Legal Notice ;
----------------
Copyright (C) 2016  Intel Corporation. All rights reserved.
Your use of Intel Corporation's design tools, logic functions 
and other software and tools, and its AMPP partner logic 
functions, and any output files from any of the foregoing 
(including device programming or simulation files), and any 
associated documentation or information are expressly subject 
to the terms and conditions of the Intel Program License 
Subscription Agreement, the Intel Quartus Prime License Agreement,
the Intel MegaCore Function License Agreement, or other 
applicable license agreement, including, without limitation, 
that your use is for the sole purpose of programming logic 
devices manufactured by Intel and sold by Intel or its 
authorized distributors.  Please refer to the applicable 
agreement for further details.



+----------------------------------------------------------------------------------+
; Analysis & Synthesis Summary                                                     ;
+------------------------------------+---------------------------------------------+
; Analysis & Synthesis Status        ; Successful - Wed Feb 28 18:19:21 2018       ;
; Quartus Prime Version              ; 16.1.0 Build 196 10/24/2016 SJ Lite Edition ;
; Revision Name                      ; Project1_top                                ;
; Top-level Entity Name              ; Project1_top                                ;
; Family                             ; MAX 10                                      ;
; Total logic elements               ; 0                                           ;
;     Total combinational functions  ; 0                                           ;
;     Dedicated logic registers      ; 0                                           ;
; Total registers                    ; 0                                           ;
; Total pins                         ; 73                                          ;
; Total virtual pins                 ; 0                                           ;
; Total memory bits                  ; 0                                           ;
; Embedded Multiplier 9-bit elements ; 0                                           ;
; Total PLLs                         ; 0                                           ;
; UFM blocks                         ; 0                                           ;
; ADC blocks                         ; 0                                           ;
+------------------------------------+---------------------------------------------+


+----------------------------------------------------------------------------------------------------------------------+
; Analysis & Synthesis Settings                                                                                        ;
+----------------------------------------------------------------------------+--------------------+--------------------+
; Option                                                                     ; Setting            ; Default Value      ;
+----------------------------------------------------------------------------+--------------------+--------------------+
; Device                                                                     ; 10M50DAF484C7G     ;                    ;
; Top-level entity name                                                      ; Project1_top       ; Project1_top       ;
; Family name                                                                ; MAX 10 FPGA        ; Cyclone V          ;
; Use smart compilation                                                      ; Off                ; Off                ;
; Enable parallel Assembler and TimeQuest Timing Analyzer during compilation ; On                 ; On                 ;
; Enable compact report table                                                ; Off                ; Off                ;
; Restructure Multiplexers                                                   ; Auto               ; Auto               ;
; Create Debugging Nodes for IP Cores                                        ; Off                ; Off                ;
; Preserve fewer node names                                                  ; On                 ; On                 ;
; OpenCore Plus hardware evaluation                                          ; Enable             ; Enable             ;
; Verilog Version                                                            ; Verilog_2001       ; Verilog_2001       ;
; VHDL Version                                                               ; VHDL_1993          ; VHDL_1993          ;
; State Machine Processing                                                   ; Auto               ; Auto               ;
; Safe State Machine                                                         ; Off                ; Off                ;
; Extract Verilog State Machines                                             ; On                 ; On                 ;
; Extract VHDL State Machines                                                ; On                 ; On                 ;
; Ignore Verilog initial constructs                                          ; Off                ; Off                ;
; Iteration limit for constant Verilog loops                                 ; 5000               ; 5000               ;
; Iteration limit for non-constant Verilog loops                             ; 250                ; 250                ;
; Add Pass-Through Logic to Inferred RAMs                                    ; On                 ; On                 ;
; Infer RAMs from Raw Logic                                                  ; On                 ; On                 ;
; Parallel Synthesis                                                         ; On                 ; On                 ;
; DSP Block Balancing                                                        ; Auto               ; Auto               ;
; NOT Gate Push-Back                                                         ; On                 ; On                 ;
; Power-Up Don't Care                                                        ; On                 ; On                 ;
; Remove Redundant Logic Cells                                               ; Off                ; Off                ;
; Remove Duplicate Registers                                                 ; On                 ; On                 ;
; Ignore CARRY Buffers                                                       ; Off                ; Off                ;
; Ignore CASCADE Buffers                                                     ; Off                ; Off                ;
; Ignore GLOBAL Buffers                                                      ; Off                ; Off                ;
; Ignore ROW GLOBAL Buffers                                                  ; Off                ; Off                ;
; Ignore LCELL Buffers                                                       ; Off                ; Off                ;
; Ignore SOFT Buffers                                                        ; On                 ; On                 ;
; Limit AHDL Integers to 32 Bits                                             ; Off                ; Off                ;
; Optimization Technique                                                     ; Balanced           ; Balanced           ;
; Carry Chain Length                                                         ; 70                 ; 70                 ;
; Auto Carry Chains                                                          ; On                 ; On                 ;
; Auto Open-Drain Pins                                                       ; On                 ; On                 ;
; Perform WYSIWYG Primitive Resynthesis                                      ; Off                ; Off                ;
; Auto ROM Replacement                                                       ; On                 ; On                 ;
; Auto RAM Replacement                                                       ; On                 ; On                 ;
; Auto DSP Block Replacement                                                 ; On                 ; On                 ;
; Auto Shift Register Replacement                                            ; Auto               ; Auto               ;
; Allow Shift Register Merging across Hierarchies                            ; Auto               ; Auto               ;
; Auto Clock Enable Replacement                                              ; On                 ; On                 ;
; Strict RAM Replacement                                                     ; Off                ; Off                ;
; Allow Synchronous Control Signals                                          ; On                 ; On                 ;
; Force Use of Synchronous Clear Signals                                     ; Off                ; Off                ;
; Auto RAM Block Balancing                                                   ; On                 ; On                 ;
; Auto RAM to Logic Cell Conversion                                          ; Off                ; Off                ;
; Auto Resource Sharing                                                      ; Off                ; Off                ;
; Allow Any RAM Size For Recognition                                         ; Off                ; Off                ;
; Allow Any ROM Size For Recognition                                         ; Off                ; Off                ;
; Allow Any Shift Register Size For Recognition                              ; Off                ; Off                ;
; Use LogicLock Constraints during Resource Balancing                        ; On                 ; On                 ;
; Ignore translate_off and synthesis_off directives                          ; Off                ; Off                ;
; Timing-Driven Synthesis                                                    ; On                 ; On                 ;
; Report Parameter Settings                                                  ; On                 ; On                 ;
; Report Source Assignments                                                  ; On                 ; On                 ;
; Report Connectivity Checks                                                 ; On                 ; On                 ;
; Ignore Maximum Fan-Out Assignments                                         ; Off                ; Off                ;
; Synchronization Register Chain Length                                      ; 2                  ; 2                  ;
; PowerPlay Power Optimization During Synthesis                              ; Normal compilation ; Normal compilation ;
; HDL message level                                                          ; Level2             ; Level2             ;
; Suppress Register Optimization Related Messages                            ; Off                ; Off                ;
; Number of Removed Registers Reported in Synthesis Report                   ; 5000               ; 5000               ;
; Number of Swept Nodes Reported in Synthesis Report                         ; 5000               ; 5000               ;
; Number of Inverted Registers Reported in Synthesis Report                  ; 100                ; 100                ;
; Clock MUX Protection                                                       ; On                 ; On                 ;
; Auto Gated Clock Conversion                                                ; Off                ; Off                ;
; Block Design Naming                                                        ; Auto               ; Auto               ;
; SDC constraint protection                                                  ; Off                ; Off                ;
; Synthesis Effort                                                           ; Auto               ; Auto               ;
; Shift Register Replacement - Allow Asynchronous Clear Signal               ; On                 ; On                 ;
; Pre-Mapping Resynthesis Optimization                                       ; Off                ; Off                ;
; Analysis & Synthesis Message Level                                         ; Medium             ; Medium             ;
; Disable Register Merging Across Hierarchies                                ; Auto               ; Auto               ;
; Resource Aware Inference For Block RAM                                     ; On                 ; On                 ;
+----------------------------------------------------------------------------+--------------------+--------------------+


+------------------------------------------+
; Parallel Compilation                     ;
+----------------------------+-------------+
; Processors                 ; Number      ;
+----------------------------+-------------+
; Number detected on machine ; 4           ;
; Maximum allowed            ; 4           ;
;                            ;             ;
; Average used               ; 1.00        ;
; Maximum used               ; 1           ;
;                            ;             ;
; Usage by Processor         ; % Time Used ;
;     Processor 1            ; 100.0%      ;
+----------------------------+-------------+


+----------------------------------------------------------------------------------------------------------------------+
; Analysis & Synthesis Source Files Read                                                                               ;
+----------------------------------+-----------------+------------------------+------------------------------+---------+
; File Name with User-Entered Path ; Used in Netlist ; File Type              ; File Name with Absolute Path ; Library ;
+----------------------------------+-----------------+------------------------+------------------------------+---------+
; SevenSegment.v                   ; yes             ; User Verilog HDL File  ; Z:/DigLog/SevenSegment.v     ;         ;
; Project1_top.v                   ; yes             ; User Verilog HDL File  ; Z:/DigLog/Project1_top.v     ;         ;
; Arithmetic.v                     ; yes             ; User Verilog HDL File  ; Z:/DigLog/Arithmetic.v       ;         ;
+----------------------------------+-----------------+------------------------+------------------------------+---------+


+----------------------------------------------------------+
; Analysis & Synthesis Resource Usage Summary              ;
+---------------------------------------------+------------+
; Resource                                    ; Usage      ;
+---------------------------------------------+------------+
;                                             ;            ;
; Total combinational functions               ; 0          ;
; Logic element usage by number of LUT inputs ;            ;
;     -- 4 input functions                    ; 0          ;
;     -- 3 input functions                    ; 0          ;
;     -- <=2 input functions                  ; 0          ;
;                                             ;            ;
; Logic elements by mode                      ;            ;
;     -- normal mode                          ; 0          ;
;     -- arithmetic mode                      ; 0          ;
;                                             ;            ;
; Total registers                             ; 0          ;
;     -- Dedicated logic registers            ; 0          ;
;     -- I/O registers                        ; 0          ;
;                                             ;            ;
; I/O pins                                    ; 73         ;
;                                             ;            ;
; Embedded Multiplier 9-bit elements          ; 0          ;
;                                             ;            ;
; Maximum fan-out node                        ; ADC_CLK_10 ;
; Maximum fan-out                             ; 1          ;
; Total fan-out                               ; 73         ;
; Average fan-out                             ; 0.50       ;
+---------------------------------------------+------------+


+-------------------------------------------------------------------------------------------------------------------------------------------------------------------------------------------------------------------------------------+
; Analysis & Synthesis Resource Utilization by Entity                                                                                                                                                                                 ;
+----------------------------+---------------------+---------------------------+-------------+------------+--------------+---------+-----------+------+--------------+------------+---------------------+--------------+--------------+
; Compilation Hierarchy Node ; Combinational ALUTs ; Dedicated Logic Registers ; Memory Bits ; UFM Blocks ; DSP Elements ; DSP 9x9 ; DSP 18x18 ; Pins ; Virtual Pins ; ADC blocks ; Full Hierarchy Name ; Entity Name  ; Library Name ;
+----------------------------+---------------------+---------------------------+-------------+------------+--------------+---------+-----------+------+--------------+------------+---------------------+--------------+--------------+
; |Project1_top              ; 0 (0)               ; 0 (0)                     ; 0           ; 0          ; 0            ; 0       ; 0         ; 73   ; 0            ; 0          ; |Project1_top       ; Project1_top ; work         ;
+----------------------------+---------------------+---------------------------+-------------+------------+--------------+---------+-----------+------+--------------+------------+---------------------+--------------+--------------+
Note: For table entries with two numbers listed, the numbers in parentheses indicate the number of resources of the given type used by the specific entity alone. The numbers listed outside of parentheses indicate the total resources of the given type used by the specific entity and all of its sub-entities in the hierarchy.


+------------------------------------------------------+
; General Register Statistics                          ;
+----------------------------------------------+-------+
; Statistic                                    ; Value ;
+----------------------------------------------+-------+
; Total registers                              ; 0     ;
; Number of registers using Synchronous Clear  ; 0     ;
; Number of registers using Synchronous Load   ; 0     ;
; Number of registers using Asynchronous Clear ; 0     ;
; Number of registers using Asynchronous Load  ; 0     ;
; Number of registers using Clock Enable       ; 0     ;
; Number of registers using Preset             ; 0     ;
+----------------------------------------------+-------+


+----------------------------------------------------------+
; Parameter Settings for User Entity Instance: Add:testAdd ;
+----------------+-------+---------------------------------+
; Parameter Name ; Value ; Type                            ;
+----------------+-------+---------------------------------+
; n              ; 4     ; Signed Integer                  ;
; cin            ; 0     ; Signed Integer                  ;
+----------------+-------+---------------------------------+
Note: In order to hide this table in the UI and the text report file, please set the "Show Parameter Settings in Synthesis Report" option in "Analysis and Synthesis Settings -> More Settings" to "Off".


+----------------------------------------------------------------+
; Port Connectivity Checks: "Add:testAdd|fullAdder:digit[0].dig" ;
+------+-------+----------+--------------------------------------+
; Port ; Type  ; Severity ; Details                              ;
+------+-------+----------+--------------------------------------+
; cin  ; Input ; Info     ; Stuck at GND                         ;
+------+-------+----------+--------------------------------------+


+-----------------------------------------------------------------------------------------------------------------------------------------------------------------------------------------------------------------+
; Port Connectivity Checks: "Add:testAdd"                                                                                                                                                                         ;
+---------+-------+----------+------------------------------------------------------------------------------------------------------------------------------------------------------------------------------------+
; Port    ; Type  ; Severity ; Details                                                                                                                                                                            ;
+---------+-------+----------+------------------------------------------------------------------------------------------------------------------------------------------------------------------------------------+
; x       ; Input ; Warning  ; Input port expression (32 bits) is wider than the input port (4 bits) it drives.  The 28 most-significant bit(s) in the expression will be dangling if they have no other fanouts. ;
; x[2..0] ; Input ; Info     ; Stuck at VCC                                                                                                                                                                       ;
; x[3]    ; Input ; Info     ; Stuck at GND                                                                                                                                                                       ;
; y       ; Input ; Warning  ; Input port expression (32 bits) is wider than the input port (4 bits) it drives.  The 28 most-significant bit(s) in the expression will be dangling if they have no other fanouts. ;
; y[1..0] ; Input ; Info     ; Stuck at VCC                                                                                                                                                                       ;
; y[3]    ; Input ; Info     ; Stuck at VCC                                                                                                                                                                       ;
; y[2]    ; Input ; Info     ; Stuck at GND                                                                                                                                                                       ;
; sub     ; Input ; Warning  ; Input port expression (32 bits) is wider than the input port (1 bits) it drives.  The 31 most-significant bit(s) in the expression will be dangling if they have no other fanouts. ;
; sub[-1] ; Input ; Info     ; Stuck at GND                                                                                                                                                                       ;
+---------+-------+----------+------------------------------------------------------------------------------------------------------------------------------------------------------------------------------------+


+-----------------------------------------------------+
; Post-Synthesis Netlist Statistics for Top Partition ;
+-----------------------+-----------------------------+
; Type                  ; Count                       ;
+-----------------------+-----------------------------+
; boundary_port         ; 73                          ;
; cycloneiii_lcell_comb ; 2                           ;
;     normal            ; 2                           ;
;         0 data inputs ; 2                           ;
;                       ;                             ;
; Max LUT depth         ; 0.00                        ;
; Average LUT depth     ; 0.00                        ;
+-----------------------+-----------------------------+


+-------------------------------+
; Elapsed Time Per Partition    ;
+----------------+--------------+
; Partition Name ; Elapsed Time ;
+----------------+--------------+
; Top            ; 00:00:00     ;
+----------------+--------------+


+-------------------------------+
; Analysis & Synthesis Messages ;
+-------------------------------+
Info: *******************************************************************
Info: Running Quartus Prime Analysis & Synthesis
    Info: Version 16.1.0 Build 196 10/24/2016 SJ Lite Edition
    Info: Processing started: Wed Feb 28 18:19:04 2018
Info: Command: quartus_map --read_settings_files=on --write_settings_files=off Project1_top -c Project1_top
Warning (18236): Number of processors has not been specified which may cause overloading on shared machines.  Set the global assignment NUM_PARALLEL_PROCESSORS in your QSF to an appropriate value for best performance.
Info (20030): Parallel compilation is enabled and will use 4 of the 4 processors detected
Info (12021): Found 1 design units, including 1 entities, in source file sevensegment.v
    Info (12023): Found entity 1: SevenSeg File: Z:/DigLog/SevenSegment.v Line: 1
Info (12021): Found 1 design units, including 1 entities, in source file project1_top.v
    Info (12023): Found entity 1: Project1_top File: Z:/DigLog/Project1_top.v Line: 5
Info (12021): Found 0 design units, including 0 entities, in source file magic.v
Info (12021): Found 0 design units, including 0 entities, in source file comparison.v
Info (12021): Found 2 design units, including 2 entities, in source file arithmetic.v
    Info (12023): Found entity 1: fullAdder File: Z:/DigLog/Arithmetic.v Line: 1
    Info (12023): Found entity 2: Add File: Z:/DigLog/Arithmetic.v Line: 9
Info (12021): Found 0 design units, including 0 entities, in source file logical.v
Info (12127): Elaborating entity "Project1_top" for the top level hierarchy
Warning (10034): Output port "HEX1" at Project1_top.v(14) has no driver File: Z:/DigLog/Project1_top.v Line: 14
Warning (10034): Output port "HEX2" at Project1_top.v(15) has no driver File: Z:/DigLog/Project1_top.v Line: 15
Warning (10034): Output port "HEX3" at Project1_top.v(16) has no driver File: Z:/DigLog/Project1_top.v Line: 16
Warning (10034): Output port "HEX4" at Project1_top.v(17) has no driver File: Z:/DigLog/Project1_top.v Line: 17
Warning (10034): Output port "HEX5" at Project1_top.v(18) has no driver File: Z:/DigLog/Project1_top.v Line: 18
Warning (10034): Output port "LEDR[9..8]" at Project1_top.v(25) has no driver File: Z:/DigLog/Project1_top.v Line: 25
Warning (10034): Output port "LEDR[6..0]" at Project1_top.v(25) has no driver File: Z:/DigLog/Project1_top.v Line: 25
Info (12128): Elaborating entity "SevenSeg" for hierarchy "SevenSeg:testHex0" File: Z:/DigLog/Project1_top.v Line: 43
Info (12128): Elaborating entity "Add" for hierarchy "Add:testAdd" File: Z:/DigLog/Project1_top.v Line: 44
Warning (10230): Verilog HDL assignment warning at Arithmetic.v(20): truncated value with size 32 to match size of target (1) File: Z:/DigLog/Arithmetic.v Line: 20
Warning (10034): Output port "ovr" at Arithmetic.v(16) has no driver File: Z:/DigLog/Arithmetic.v Line: 16
Info (12128): Elaborating entity "fullAdder" for hierarchy "Add:testAdd|fullAdder:digit[0].dig" File: Z:/DigLog/Arithmetic.v Line: 27
Warning (12241): 1 hierarchies have connectivity warnings - see the Connectivity Checks report folder
Warning (13024): Output pins are stuck at VCC or GND
    Warning (13410): Pin "HEX0[0]" is stuck at GND File: Z:/DigLog/Project1_top.v Line: 13
    Warning (13410): Pin "HEX0[1]" is stuck at GND File: Z:/DigLog/Project1_top.v Line: 13
    Warning (13410): Pin "HEX0[2]" is stuck at VCC File: Z:/DigLog/Project1_top.v Line: 13
    Warning (13410): Pin "HEX0[3]" is stuck at GND File: Z:/DigLog/Project1_top.v Line: 13
    Warning (13410): Pin "HEX0[4]" is stuck at GND File: Z:/DigLog/Project1_top.v Line: 13
    Warning (13410): Pin "HEX0[5]" is stuck at VCC File: Z:/DigLog/Project1_top.v Line: 13
    Warning (13410): Pin "HEX0[6]" is stuck at GND File: Z:/DigLog/Project1_top.v Line: 13
    Warning (13410): Pin "HEX0[7]" is stuck at GND File: Z:/DigLog/Project1_top.v Line: 13
    Warning (13410): Pin "HEX1[0]" is stuck at GND File: Z:/DigLog/Project1_top.v Line: 14
    Warning (13410): Pin "HEX1[1]" is stuck at GND File: Z:/DigLog/Project1_top.v Line: 14
    Warning (13410): Pin "HEX1[2]" is stuck at GND File: Z:/DigLog/Project1_top.v Line: 14
    Warning (13410): Pin "HEX1[3]" is stuck at GND File: Z:/DigLog/Project1_top.v Line: 14
    Warning (13410): Pin "HEX1[4]" is stuck at GND File: Z:/DigLog/Project1_top.v Line: 14
    Warning (13410): Pin "HEX1[5]" is stuck at GND File: Z:/DigLog/Project1_top.v Line: 14
    Warning (13410): Pin "HEX1[6]" is stuck at GND File: Z:/DigLog/Project1_top.v Line: 14
    Warning (13410): Pin "HEX1[7]" is stuck at GND File: Z:/DigLog/Project1_top.v Line: 14
    Warning (13410): Pin "HEX2[0]" is stuck at GND File: Z:/DigLog/Project1_top.v Line: 15
    Warning (13410): Pin "HEX2[1]" is stuck at GND File: Z:/DigLog/Project1_top.v Line: 15
    Warning (13410): Pin "HEX2[2]" is stuck at GND File: Z:/DigLog/Project1_top.v Line: 15
    Warning (13410): Pin "HEX2[3]" is stuck at GND File: Z:/DigLog/Project1_top.v Line: 15
    Warning (13410): Pin "HEX2[4]" is stuck at GND File: Z:/DigLog/Project1_top.v Line: 15
    Warning (13410): Pin "HEX2[5]" is stuck at GND File: Z:/DigLog/Project1_top.v Line: 15
    Warning (13410): Pin "HEX2[6]" is stuck at GND File: Z:/DigLog/Project1_top.v Line: 15
    Warning (13410): Pin "HEX2[7]" is stuck at GND File: Z:/DigLog/Project1_top.v Line: 15
    Warning (13410): Pin "HEX3[0]" is stuck at GND File: Z:/DigLog/Project1_top.v Line: 16
    Warning (13410): Pin "HEX3[1]" is stuck at GND File: Z:/DigLog/Project1_top.v Line: 16
    Warning (13410): Pin "HEX3[2]" is stuck at GND File: Z:/DigLog/Project1_top.v Line: 16
    Warning (13410): Pin "HEX3[3]" is stuck at GND File: Z:/DigLog/Project1_top.v Line: 16
    Warning (13410): Pin "HEX3[4]" is stuck at GND File: Z:/DigLog/Project1_top.v Line: 16
    Warning (13410): Pin "HEX3[5]" is stuck at GND File: Z:/DigLog/Project1_top.v Line: 16
    Warning (13410): Pin "HEX3[6]" is stuck at GND File: Z:/DigLog/Project1_top.v Line: 16
    Warning (13410): Pin "HEX3[7]" is stuck at GND File: Z:/DigLog/Project1_top.v Line: 16
    Warning (13410): Pin "HEX4[0]" is stuck at GND File: Z:/DigLog/Project1_top.v Line: 17
    Warning (13410): Pin "HEX4[1]" is stuck at GND File: Z:/DigLog/Project1_top.v Line: 17
    Warning (13410): Pin "HEX4[2]" is stuck at GND File: Z:/DigLog/Project1_top.v Line: 17
    Warning (13410): Pin "HEX4[3]" is stuck at GND File: Z:/DigLog/Project1_top.v Line: 17
    Warning (13410): Pin "HEX4[4]" is stuck at GND File: Z:/DigLog/Project1_top.v Line: 17
    Warning (13410): Pin "HEX4[5]" is stuck at GND File: Z:/DigLog/Project1_top.v Line: 17
    Warning (13410): Pin "HEX4[6]" is stuck at GND File: Z:/DigLog/Project1_top.v Line: 17
    Warning (13410): Pin "HEX4[7]" is stuck at GND File: Z:/DigLog/Project1_top.v Line: 17
    Warning (13410): Pin "HEX5[0]" is stuck at GND File: Z:/DigLog/Project1_top.v Line: 18
    Warning (13410): Pin "HEX5[1]" is stuck at GND File: Z:/DigLog/Project1_top.v Line: 18
    Warning (13410): Pin "HEX5[2]" is stuck at GND File: Z:/DigLog/Project1_top.v Line: 18
    Warning (13410): Pin "HEX5[3]" is stuck at GND File: Z:/DigLog/Project1_top.v Line: 18
    Warning (13410): Pin "HEX5[4]" is stuck at GND File: Z:/DigLog/Project1_top.v Line: 18
    Warning (13410): Pin "HEX5[5]" is stuck at GND File: Z:/DigLog/Project1_top.v Line: 18
    Warning (13410): Pin "HEX5[6]" is stuck at GND File: Z:/DigLog/Project1_top.v Line: 18
    Warning (13410): Pin "HEX5[7]" is stuck at GND File: Z:/DigLog/Project1_top.v Line: 18
    Warning (13410): Pin "LEDR[0]" is stuck at GND File: Z:/DigLog/Project1_top.v Line: 25
    Warning (13410): Pin "LEDR[1]" is stuck at GND File: Z:/DigLog/Project1_top.v Line: 25
    Warning (13410): Pin "LEDR[2]" is stuck at GND File: Z:/DigLog/Project1_top.v Line: 25
    Warning (13410): Pin "LEDR[3]" is stuck at GND File: Z:/DigLog/Project1_top.v Line: 25
    Warning (13410): Pin "LEDR[4]" is stuck at GND File: Z:/DigLog/Project1_top.v Line: 25
    Warning (13410): Pin "LEDR[5]" is stuck at GND File: Z:/DigLog/Project1_top.v Line: 25
    Warning (13410): Pin "LEDR[6]" is stuck at GND File: Z:/DigLog/Project1_top.v Line: 25
    Warning (13410): Pin "LEDR[7]" is stuck at GND File: Z:/DigLog/Project1_top.v Line: 25
    Warning (13410): Pin "LEDR[8]" is stuck at GND File: Z:/DigLog/Project1_top.v Line: 25
    Warning (13410): Pin "LEDR[9]" is stuck at GND File: Z:/DigLog/Project1_top.v Line: 25
Info (16010): Generating hard_block partition "hard_block:auto_generated_inst"
    Info (16011): Adding 0 node(s), including 0 DDIO, 0 PLL, 0 transceiver and 0 LCELL
Warning (21074): Design contains 15 input pin(s) that do not drive logic
    Warning (15610): No output dependent on input pin "ADC_CLK_10" File: Z:/DigLog/Project1_top.v Line: 8
    Warning (15610): No output dependent on input pin "MAX10_CLK1_50" File: Z:/DigLog/Project1_top.v Line: 9
    Warning (15610): No output dependent on input pin "MAX10_CLK2_50" File: Z:/DigLog/Project1_top.v Line: 10
    Warning (15610): No output dependent on input pin "KEY[0]" File: Z:/DigLog/Project1_top.v Line: 22
    Warning (15610): No output dependent on input pin "KEY[1]" File: Z:/DigLog/Project1_top.v Line: 22
    Warning (15610): No output dependent on input pin "SW[0]" File: Z:/DigLog/Project1_top.v Line: 29
    Warning (15610): No output dependent on input pin "SW[1]" File: Z:/DigLog/Project1_top.v Line: 29
    Warning (15610): No output dependent on input pin "SW[2]" File: Z:/DigLog/Project1_top.v Line: 29
    Warning (15610): No output dependent on input pin "SW[3]" File: Z:/DigLog/Project1_top.v Line: 29
    Warning (15610): No output dependent on input pin "SW[4]" File: Z:/DigLog/Project1_top.v Line: 29
    Warning (15610): No output dependent on input pin "SW[5]" File: Z:/DigLog/Project1_top.v Line: 29
    Warning (15610): No output dependent on input pin "SW[6]" File: Z:/DigLog/Project1_top.v Line: 29
    Warning (15610): No output dependent on input pin "SW[7]" File: Z:/DigLog/Project1_top.v Line: 29
    Warning (15610): No output dependent on input pin "SW[8]" File: Z:/DigLog/Project1_top.v Line: 29
    Warning (15610): No output dependent on input pin "SW[9]" File: Z:/DigLog/Project1_top.v Line: 29
Info (21057): Implemented 73 device resources after synthesis - the final resource count might be different
    Info (21058): Implemented 15 input pins
    Info (21059): Implemented 58 output pins
Info: Quartus Prime Analysis & Synthesis was successful. 0 errors, 86 warnings
    Info: Peak virtual memory: 662 megabytes
    Info: Processing ended: Wed Feb 28 18:19:21 2018
    Info: Elapsed time: 00:00:17
    Info: Total CPU time (on all processors): 00:00:20


